<?xml version="1.0" encoding="UTF-8"?>
<!-- Generated by org.testng.reporters.JUnitXMLReporter -->
<testsuite ignored="3" hostname="WIN-NPLMKO4LAQD" failures="0" tests="21" name="All Tests" time="3.37" errors="0" timestamp="2026-06-11T17:28:18 MSK">
  <testcase classname="tests.TaskTest" name="CreateIssue" time="1.613"/>
  <testcase classname="tests.ReportTest" name="testCreateReport" time="1.613"/>
  <testcase classname="tests.ReportTest" name="testCreateReport" time="0.045"/>
  <testcase classname="tests.TaskTest" name="CreateIssue" time="0.084"/>
  <testcase classname="tests.ReportTest" name="testCreateReport" time="0.05"/>
  <testcase classname="tests.ReportTest" name="testCreateReport" time="0.04"/>
  <testcase classname="tests.TaskTest" name="CreateIssue" time="0.071"/>
  <testcase classname="tests.TaskTest" name="CreateIssue" time="0.031"/>
  <testcase classname="tests.ProjectTest" name="testCreateProject" time="0.907"/>
  <testcase classname="tests.PanelTest" name="testCreatePanel" time="2.662"/>
  <testcase classname="tests.PanelTest" name="testCreatePanel" time="0.06"/>
  <testcase classname="tests.ProjectTest" name="testGetProjectListSuccess" time="0.108"/>
  <testcase classname="tests.PanelTest" name="testCreatePanel" time="0.081"/>
  <testcase classname="tests.PanelTest" name="testCreatePanel" time="0.061"/>
  <testcase classname="tests.PanelTest" name="testCreatePanel" time="0.045"/>
  <testcase classname="tests.PanelTest" name="testCreatePanel" time="0.083"/>
  <testcase classname="tests.PanelTest" name="testCreatePanel" time="0.065"/>
  <testcase classname="tests.PanelTest" name="testCreatePanel" time="0.069"/>
  <testcase classname="tests.PanelTest" name="testCreatePanel" time="0.067"/>
  <testcase classname="tests.PanelTest" name="testCreatePanel" time="0.058"/>
  <testcase classname="tests.PanelTest" name="testCreatePanel" time="0.058"/>
  <testcase classname="tests.BaseTest" name="@BeforeSuite setup" time="0.0">
    <ignored/>
  </testcase> <!-- @BeforeSuite setup -->
  <testcase classname="tests.BaseTest" name="@BeforeSuite setup" time="0.0">
    <ignored/>
  </testcase> <!-- @BeforeSuite setup -->
  <testcase classname="tests.BaseTest" name="@BeforeSuite setup" time="0.0">
    <ignored/>
  </testcase> <!-- @BeforeSuite setup -->
</testsuite> <!-- All Tests -->
