<?xml version="1.0" encoding="UTF-8"?>
<testng-results ignored="0" total="21" passed="21" failed="0" skipped="0">
  <reporter-output>
  </reporter-output>
  <suite started-at="2026-06-11T17:28:15 MSK" name="YouTrack API tests" finished-at="2026-06-11T17:28:18 MSK" duration-ms="3370">
    <groups>
    </groups>
    <test started-at="2026-06-11T17:28:15 MSK" name="All Tests" finished-at="2026-06-11T17:28:18 MSK" duration-ms="3370">
      <class name="tests.PanelTest">
        <test-method signature="testCreatePanel(java.lang.String)[pri:0, instance:tests.PanelTest@313ac989]" started-at="2026-06-11T17:28:15 MSK" name="testCreatePanel" data-provider="data_panel" finished-at="2026-06-11T17:28:17 MSK" duration-ms="2662" status="PASS">
          <params>
            <param index="0">
              <value>
                <![CDATA[Main Dashboard1]]>
              </value>
            </param>
          </params>
          <reporter-output>
          </reporter-output>
        </test-method> <!-- testCreatePanel -->
        <test-method signature="testCreatePanel(java.lang.String)[pri:0, instance:tests.PanelTest@313ac989]" started-at="2026-06-11T17:28:17 MSK" name="testCreatePanel" data-provider="data_panel" finished-at="2026-06-11T17:28:18 MSK" duration-ms="60" status="PASS">
          <params>
            <param index="0">
              <value>
                <![CDATA[Secondary Panel2]]>
              </value>
            </param>
          </params>
          <reporter-output>
          </reporter-output>
        </test-method> <!-- testCreatePanel -->
        <test-method signature="testCreatePanel(java.lang.String)[pri:0, instance:tests.PanelTest@313ac989]" started-at="2026-06-11T17:28:18 MSK" name="testCreatePanel" data-provider="data_panel" finished-at="2026-06-11T17:28:18 MSK" duration-ms="81" status="PASS">
          <params>
            <param index="0">
              <value>
                <![CDATA[ ]]>
              </value>
            </param>
          </params>
          <reporter-output>
          </reporter-output>
        </test-method> <!-- testCreatePanel -->
        <test-method signature="testCreatePanel(java.lang.String)[pri:0, instance:tests.PanelTest@313ac989]" started-at="2026-06-11T17:28:18 MSK" name="testCreatePanel" data-provider="data_panel" finished-at="2026-06-11T17:28:18 MSK" duration-ms="61" status="PASS">
          <params>
            <param index="0">
              <value>
                <![CDATA[3]]>
              </value>
            </param>
          </params>
          <reporter-output>
          </reporter-output>
        </test-method> <!-- testCreatePanel -->
        <test-method signature="testCreatePanel(java.lang.String)[pri:0, instance:tests.PanelTest@313ac989]" started-at="2026-06-11T17:28:18 MSK" name="testCreatePanel" data-provider="data_panel" finished-at="2026-06-11T17:28:18 MSK" duration-ms="45" status="PASS">
          <params>
            <param index="0">
              <value>
                <![CDATA[4]]>
              </value>
            </param>
          </params>
          <reporter-output>
          </reporter-output>
        </test-method> <!-- testCreatePanel -->
        <test-method signature="testCreatePanel(java.lang.String)[pri:0, instance:tests.PanelTest@313ac989]" started-at="2026-06-11T17:28:18 MSK" name="testCreatePanel" data-provider="data_panel" finished-at="2026-06-11T17:28:18 MSK" duration-ms="83" status="PASS">
          <params>
            <param index="0">
              <value>
                <![CDATA[5]]>
              </value>
            </param>
          </params>
          <reporter-output>
          </reporter-output>
        </test-method> <!-- testCreatePanel -->
        <test-method signature="testCreatePanel(java.lang.String)[pri:0, instance:tests.PanelTest@313ac989]" started-at="2026-06-11T17:28:18 MSK" name="testCreatePanel" data-provider="data_panel" finished-at="2026-06-11T17:28:18 MSK" duration-ms="65" status="PASS">
          <params>
            <param index="0">
              <value>
                <![CDATA[6]]>
              </value>
            </param>
          </params>
          <reporter-output>
          </reporter-output>
        </test-method> <!-- testCreatePanel -->
        <test-method signature="testCreatePanel(java.lang.String)[pri:0, instance:tests.PanelTest@313ac989]" started-at="2026-06-11T17:28:18 MSK" name="testCreatePanel" data-provider="data_panel" finished-at="2026-06-11T17:28:18 MSK" duration-ms="69" status="PASS">
          <params>
            <param index="0">
              <value>
                <![CDATA[7]]>
              </value>
            </param>
          </params>
          <reporter-output>
          </reporter-output>
        </test-method> <!-- testCreatePanel -->
        <test-method signature="testCreatePanel(java.lang.String)[pri:0, instance:tests.PanelTest@313ac989]" started-at="2026-06-11T17:28:18 MSK" name="testCreatePanel" data-provider="data_panel" finished-at="2026-06-11T17:28:18 MSK" duration-ms="67" status="PASS">
          <params>
            <param index="0">
              <value>
                <![CDATA[8]]>
              </value>
            </param>
          </params>
          <reporter-output>
          </reporter-output>
        </test-method> <!-- testCreatePanel -->
        <test-method signature="testCreatePanel(java.lang.String)[pri:0, instance:tests.PanelTest@313ac989]" started-at="2026-06-11T17:28:18 MSK" name="testCreatePanel" data-provider="data_panel" finished-at="2026-06-11T17:28:18 MSK" duration-ms="58" status="PASS">
          <params>
            <param index="0">
              <value>
                <![CDATA[9]]>
              </value>
            </param>
          </params>
          <reporter-output>
          </reporter-output>
        </test-method> <!-- testCreatePanel -->
        <test-method signature="testCreatePanel(java.lang.String)[pri:0, instance:tests.PanelTest@313ac989]" started-at="2026-06-11T17:28:18 MSK" name="testCreatePanel" data-provider="data_panel" finished-at="2026-06-11T17:28:18 MSK" duration-ms="58" status="PASS">
          <params>
            <param index="0">
              <value>
                <![CDATA[10]]>
              </value>
            </param>
          </params>
          <reporter-output>
          </reporter-output>
        </test-method> <!-- testCreatePanel -->
      </class> <!-- tests.PanelTest -->
      <class name="tests.TaskTest">
        <test-method is-config="true" signature="setup()[pri:0, instance:tests.TaskTest@4f83df68]" started-at="2026-06-11T17:28:14 MSK" name="setup" finished-at="2026-06-11T17:28:15 MSK" duration-ms="525" status="PASS">
          <reporter-output>
          </reporter-output>
        </test-method> <!-- setup -->
        <test-method signature="CreateIssue(java.lang.String,java.lang.String,java.lang.String,java.lang.String)[pri:0, instance:tests.TaskTest@4f83df68]" started-at="2026-06-11T17:28:15 MSK" name="CreateIssue" data-provider="data_task" finished-at="2026-06-11T17:28:16 MSK" duration-ms="1613" status="PASS">
          <params>
            <param index="0">
              <value>
                <![CDATA[Task 1]]>
              </value>
            </param>
            <param index="1">
              <value>
                <![CDATA[Description 1]]>
              </value>
            </param>
            <param index="2">
              <value>
                <![CDATA[0-0]]>
              </value>
            </param>
            <param index="3">
              <value>
                <![CDATA[200]]>
              </value>
            </param>
          </params>
          <reporter-output>
          </reporter-output>
        </test-method> <!-- CreateIssue -->
        <test-method signature="CreateIssue(java.lang.String,java.lang.String,java.lang.String,java.lang.String)[pri:0, instance:tests.TaskTest@4f83df68]" started-at="2026-06-11T17:28:16 MSK" name="CreateIssue" data-provider="data_task" finished-at="2026-06-11T17:28:17 MSK" duration-ms="84" status="PASS">
          <params>
            <param index="0">
              <value>
                <![CDATA[Task 2]]>
              </value>
            </param>
            <param index="1">
              <value>
                <![CDATA[]]>
              </value>
            </param>
            <param index="2">
              <value>
                <![CDATA[0-0]]>
              </value>
            </param>
            <param index="3">
              <value>
                <![CDATA[200]]>
              </value>
            </param>
          </params>
          <reporter-output>
          </reporter-output>
        </test-method> <!-- CreateIssue -->
        <test-method signature="CreateIssue(java.lang.String,java.lang.String,java.lang.String,java.lang.String)[pri:0, instance:tests.TaskTest@4f83df68]" started-at="2026-06-11T17:28:17 MSK" name="CreateIssue" data-provider="data_task" finished-at="2026-06-11T17:28:17 MSK" duration-ms="71" status="PASS">
          <params>
            <param index="0">
              <value>
                <![CDATA[]]>
              </value>
            </param>
            <param index="1">
              <value>
                <![CDATA[Empty summary]]>
              </value>
            </param>
            <param index="2">
              <value>
                <![CDATA[0-0]]>
              </value>
            </param>
            <param index="3">
              <value>
                <![CDATA[400]]>
              </value>
            </param>
          </params>
          <reporter-output>
          </reporter-output>
        </test-method> <!-- CreateIssue -->
        <test-method signature="CreateIssue(java.lang.String,java.lang.String,java.lang.String,java.lang.String)[pri:0, instance:tests.TaskTest@4f83df68]" started-at="2026-06-11T17:28:17 MSK" name="CreateIssue" data-provider="data_task" finished-at="2026-06-11T17:28:17 MSK" duration-ms="31" status="PASS">
          <params>
            <param index="0">
              <value>
                <![CDATA[Invalid project]]>
              </value>
            </param>
            <param index="1">
              <value>
                <![CDATA[Description]]>
              </value>
            </param>
            <param index="2">
              <value>
                <![CDATA[999-999]]>
              </value>
            </param>
            <param index="3">
              <value>
                <![CDATA[400]]>
              </value>
            </param>
          </params>
          <reporter-output>
          </reporter-output>
        </test-method> <!-- CreateIssue -->
      </class> <!-- tests.TaskTest -->
      <class name="tests.ReportTest">
        <test-method signature="testCreateReport(java.lang.String,java.lang.String,java.lang.String)[pri:0, instance:tests.ReportTest@351d00c0]" started-at="2026-06-11T17:28:15 MSK" name="testCreateReport" data-provider="data" finished-at="2026-06-11T17:28:16 MSK" duration-ms="1613" status="PASS">
          <params>
            <param index="0">
              <value>
                <![CDATA[11111345]]>
              </value>
            </param>
            <param index="1">
              <value>
                <![CDATA[IssuePerProjectReport]]>
              </value>
            </param>
            <param index="2">
              <value>
                <![CDATA[200]]>
              </value>
            </param>
          </params>
          <reporter-output>
          </reporter-output>
        </test-method> <!-- testCreateReport -->
        <test-method signature="testCreateReport(java.lang.String,java.lang.String,java.lang.String)[pri:0, instance:tests.ReportTest@351d00c0]" started-at="2026-06-11T17:28:16 MSK" name="testCreateReport" data-provider="data" finished-at="2026-06-11T17:28:16 MSK" duration-ms="45" status="PASS">
          <params>
            <param index="0">
              <value>
                <![CDATA[9981111]]>
              </value>
            </param>
            <param index="1">
              <value>
                <![CDATA[IssuePerProjectReport]]>
              </value>
            </param>
            <param index="2">
              <value>
                <![CDATA[200]]>
              </value>
            </param>
          </params>
          <reporter-output>
          </reporter-output>
        </test-method> <!-- testCreateReport -->
        <test-method signature="testCreateReport(java.lang.String,java.lang.String,java.lang.String)[pri:0, instance:tests.ReportTest@351d00c0]" started-at="2026-06-11T17:28:16 MSK" name="testCreateReport" data-provider="data" finished-at="2026-06-11T17:28:17 MSK" duration-ms="50" status="PASS">
          <params>
            <param index="0">
              <value>
                <![CDATA[]]>
              </value>
            </param>
            <param index="1">
              <value>
                <![CDATA[IssuePerProjectReport]]>
              </value>
            </param>
            <param index="2">
              <value>
                <![CDATA[400]]>
              </value>
            </param>
          </params>
          <reporter-output>
          </reporter-output>
        </test-method> <!-- testCreateReport -->
        <test-method signature="testCreateReport(java.lang.String,java.lang.String,java.lang.String)[pri:0, instance:tests.ReportTest@351d00c0]" started-at="2026-06-11T17:28:17 MSK" name="testCreateReport" data-provider="data" finished-at="2026-06-11T17:28:17 MSK" duration-ms="40" status="PASS">
          <params>
            <param index="0">
              <value>
                <![CDATA[789]]>
              </value>
            </param>
            <param index="1">
              <value>
                <![CDATA[ ]]>
              </value>
            </param>
            <param index="2">
              <value>
                <![CDATA[400]]>
              </value>
            </param>
          </params>
          <reporter-output>
          </reporter-output>
        </test-method> <!-- testCreateReport -->
      </class> <!-- tests.ReportTest -->
      <class name="tests.ProjectTest">
        <test-method signature="testCreateProject()[pri:0, instance:tests.ProjectTest@459e9125]" started-at="2026-06-11T17:28:17 MSK" name="testCreateProject" finished-at="2026-06-11T17:28:17 MSK" duration-ms="907" status="PASS">
          <reporter-output>
          </reporter-output>
        </test-method> <!-- testCreateProject -->
        <test-method signature="testGetProjectListSuccess()[pri:0, instance:tests.ProjectTest@459e9125]" started-at="2026-06-11T17:28:17 MSK" name="testGetProjectListSuccess" finished-at="2026-06-11T17:28:18 MSK" duration-ms="108" status="PASS">
          <reporter-output>
          </reporter-output>
        </test-method> <!-- testGetProjectListSuccess -->
      </class> <!-- tests.ProjectTest -->
    </test> <!-- All Tests -->
  </suite> <!-- YouTrack API tests -->
</testng-results>
