<?xml version="1.0" encoding="UTF-8"?>
<!-- Generated by org.testng.reporters.JUnitReportReporter -->
<testsuite hostname="WIN-NPLMKO4LAQD" failures="0" tests="4" name="tests.TaskTest" time="1.799" errors="0" timestamp="2026-06-11T17:28:18 MSK" skipped="0">
  <testcase classname="tests.TaskTest" name="CreateIssue" time="1.613"/>
  <testcase classname="tests.TaskTest" name="CreateIssue" time="0.031"/>
  <testcase classname="tests.TaskTest" name="CreateIssue" time="0.071"/>
  <testcase classname="tests.TaskTest" name="CreateIssue" time="0.084"/>
</testsuite> <!-- tests.TaskTest -->
