<?xml version="1.0" encoding="UTF-8"?>
<!-- Generated by org.testng.reporters.JUnitReportReporter -->
<testsuite hostname="WIN-NPLMKO4LAQD" failures="0" tests="11" name="tests.PanelTest" time="3.309" errors="0" timestamp="2026-06-11T17:28:18 MSK" skipped="0">
  <testcase classname="tests.PanelTest" name="testCreatePanel" time="0.065"/>
  <testcase classname="tests.PanelTest" name="testCreatePanel" time="0.058"/>
  <testcase classname="tests.PanelTest" name="testCreatePanel" time="0.061"/>
  <testcase classname="tests.PanelTest" name="testCreatePanel" time="0.067"/>
  <testcase classname="tests.PanelTest" name="testCreatePanel" time="0.045"/>
  <testcase classname="tests.PanelTest" name="testCreatePanel" time="0.058"/>
  <testcase classname="tests.PanelTest" name="testCreatePanel" time="0.060"/>
  <testcase classname="tests.PanelTest" name="testCreatePanel" time="0.083"/>
  <testcase classname="tests.PanelTest" name="testCreatePanel" time="0.081"/>
  <testcase classname="tests.PanelTest" name="testCreatePanel" time="0.069"/>
  <testcase classname="tests.PanelTest" name="testCreatePanel" time="2.662"/>
</testsuite> <!-- tests.PanelTest -->
