<?xml version="1.0" encoding="UTF-8"?>
<!-- Generated by org.testng.reporters.JUnitReportReporter -->
<testsuite hostname="WIN-NPLMKO4LAQD" failures="0" tests="4" name="tests.ReportTest" time="1.755" errors="0" timestamp="2026-06-04T17:24:04 MSK" skipped="0">
  <testcase classname="tests.ReportTest" name="testCreateReport" time="0.048"/>
  <testcase classname="tests.ReportTest" name="testCreateReport" time="1.610"/>
  <testcase classname="tests.ReportTest" name="testCreateReport" time="0.047"/>
  <testcase classname="tests.ReportTest" name="testCreateReport" time="0.050"/>
</testsuite> <!-- tests.ReportTest -->
