<?xml version="1.0" encoding="UTF-8"?>
<!-- Generated by org.testng.reporters.JUnitReportReporter -->
<testsuite hostname="WIN-NPLMKO4LAQD" failures="0" tests="4" name="tests.ReportTest" time="1.748" errors="0" timestamp="2026-06-11T17:28:18 MSK" skipped="0">
  <testcase classname="tests.ReportTest" name="testCreateReport" time="0.040"/>
  <testcase classname="tests.ReportTest" name="testCreateReport" time="0.045"/>
  <testcase classname="tests.ReportTest" name="testCreateReport" time="1.613"/>
  <testcase classname="tests.ReportTest" name="testCreateReport" time="0.050"/>
</testsuite> <!-- tests.ReportTest -->
