<?xml version="1.0" encoding="UTF-8"?>
<!-- Generated by org.testng.reporters.JUnitReportReporter -->
<testsuite hostname="WIN-NPLMKO4LAQD" failures="0" tests="11" name="tests.PanelTest" time="3.237" errors="0" timestamp="2026-06-04T17:24:04 MSK" skipped="0">
  <testcase classname="tests.PanelTest" name="testCreatePanel" time="0.076"/>
  <testcase classname="tests.PanelTest" name="testCreatePanel" time="0.087"/>
  <testcase classname="tests.PanelTest" name="testCreatePanel" time="0.038"/>
  <testcase classname="tests.PanelTest" name="testCreatePanel" time="0.047"/>
  <testcase classname="tests.PanelTest" name="testCreatePanel" time="0.079"/>
  <testcase classname="tests.PanelTest" name="testCreatePanel" time="0.052"/>
  <testcase classname="tests.PanelTest" name="testCreatePanel" time="2.633"/>
  <testcase classname="tests.PanelTest" name="testCreatePanel" time="0.064"/>
  <testcase classname="tests.PanelTest" name="testCreatePanel" time="0.078"/>
  <testcase classname="tests.PanelTest" name="testCreatePanel" time="0.047"/>
  <testcase classname="tests.PanelTest" name="testCreatePanel" time="0.036"/>
</testsuite> <!-- tests.PanelTest -->
